#0 building with "default" instance using docker driver

#1 [internal] load build definition from Dockerfile.linux-build
#1 transferring dockerfile: 1.98kB done
#1 DONE 0.0s

#2 [internal] load metadata for docker.io/library/ubuntu:22.04
#2 DONE 0.0s

#3 [internal] load .dockerignore
#3 transferring context: 2B done
#3 DONE 0.0s

#4 [ 1/11] FROM docker.io/library/ubuntu:22.04
#4 DONE 0.0s

#5 [internal] load build context
#5 transferring context: 751.63MB 4.7s done
#5 CANCELED

#6 [ 2/11] RUN apt-get update && apt-get install -y     build-essential     autoconf     automake     libtool     pkg-config     git     curl     wget     ca-certificates     libssl-dev     libboost-all-dev     libdb-dev     libdb++-dev     libevent-dev     libzmq3-dev     libminiupnpc-dev     libnatpmp-dev     libgmp-dev     libsodium-dev     libqrencode-dev     libprotobuf-dev     protobuf-compiler     python3     python3-pip     bsdmainutils     && rm -rf /var/lib/apt/lists/*
#6 0.422 Get:1 http://ports.ubuntu.com/ubuntu-ports jammy InRelease [270 kB]
#6 0.743 Get:2 http://ports.ubuntu.com/ubuntu-ports jammy-updates InRelease [128 kB]
#6 0.821 Get:3 http://ports.ubuntu.com/ubuntu-ports jammy-backports InRelease [127 kB]
#6 0.896 Get:4 http://ports.ubuntu.com/ubuntu-ports jammy-security InRelease [129 kB]
#6 0.976 Get:5 http://ports.ubuntu.com/ubuntu-ports jammy/universe arm64 Packages [17.2 MB]
#6 1.594 Get:6 http://ports.ubuntu.com/ubuntu-ports jammy/multiverse arm64 Packages [224 kB]
#6 1.596 Get:7 http://ports.ubuntu.com/ubuntu-ports jammy/restricted arm64 Packages [24.2 kB]
#6 1.596 Get:8 http://ports.ubuntu.com/ubuntu-ports jammy/main arm64 Packages [1758 kB]
#6 1.648 Get:9 http://ports.ubuntu.com/ubuntu-ports jammy-updates/main arm64 Packages [3575 kB]
#6 1.747 Get:10 http://ports.ubuntu.com/ubuntu-ports jammy-updates/restricted arm64 Packages [5736 kB]
#6 1.901 Get:11 http://ports.ubuntu.com/ubuntu-ports jammy-updates/multiverse arm64 Packages [46.0 kB]
#6 1.902 Get:12 http://ports.ubuntu.com/ubuntu-ports jammy-updates/universe arm64 Packages [1615 kB]
#6 1.943 Get:13 http://ports.ubuntu.com/ubuntu-ports jammy-backports/main arm64 Packages [83.5 kB]
#6 1.944 Get:14 http://ports.ubuntu.com/ubuntu-ports jammy-backports/universe arm64 Packages [33.3 kB]
#6 1.944 Get:15 http://ports.ubuntu.com/ubuntu-ports jammy-security/main arm64 Packages [3211 kB]
#6 2.050 Get:16 http://ports.ubuntu.com/ubuntu-ports jammy-security/multiverse arm64 Packages [39.5 kB]
#6 2.051 Get:17 http://ports.ubuntu.com/ubuntu-ports jammy-security/restricted arm64 Packages [5446 kB]
#6 2.224 Get:18 http://ports.ubuntu.com/ubuntu-ports jammy-security/universe arm64 Packages [1314 kB]
#6 2.604 Fetched 41.0 MB in 2s (17.3 MB/s)
#6 2.604 Reading package lists...
#6 3.146 Reading package lists...
#6 3.682 Building dependency tree...
#6 3.851 Reading state information...
#6 4.003 The following additional packages will be installed:
#6 4.003   autotools-dev binutils binutils-aarch64-linux-gnu binutils-common
#6 4.003   bsdextrautils bzip2 comerr-dev cpp cpp-11 dirmngr dpkg-dev fakeroot file
#6 4.003   fontconfig-config fonts-dejavu-core g++ g++-11 gcc gcc-11 gcc-11-base
#6 4.003   gfortran gfortran-11 git-man gnupg gnupg-l10n gnupg-utils gpg gpg-agent
#6 4.003   gpg-wks-client gpg-wks-server gpgconf gpgsm ibverbs-providers icu-devtools
#6 4.003   javascript-common krb5-multidev less libalgorithm-diff-perl
#6 4.003   libalgorithm-diff-xs-perl libalgorithm-merge-perl libasan6 libassuan0
#6 4.003   libatomic1 libbinutils libboost-atomic-dev libboost-atomic1.74-dev
#6 4.003   libboost-atomic1.74.0 libboost-chrono-dev libboost-chrono1.74-dev
#6 4.003   libboost-chrono1.74.0 libboost-container-dev libboost-container1.74-dev
#6 4.003   libboost-container1.74.0 libboost-context-dev libboost-context1.74-dev
#6 4.003   libboost-context1.74.0 libboost-coroutine-dev libboost-coroutine1.74-dev
#6 4.003   libboost-coroutine1.74.0 libboost-date-time-dev libboost-date-time1.74-dev
#6 4.003   libboost-date-time1.74.0 libboost-dev libboost-exception-dev
#6 4.003   libboost-exception1.74-dev libboost-fiber-dev libboost-fiber1.74-dev
#6 4.003   libboost-fiber1.74.0 libboost-filesystem-dev libboost-filesystem1.74-dev
#6 4.003   libboost-filesystem1.74.0 libboost-graph-dev libboost-graph-parallel-dev
#6 4.003   libboost-graph-parallel1.74-dev libboost-graph-parallel1.74.0
#6 4.003   libboost-graph1.74-dev libboost-graph1.74.0 libboost-iostreams-dev
#6 4.003   libboost-iostreams1.74-dev libboost-iostreams1.74.0 libboost-locale-dev
#6 4.003   libboost-locale1.74-dev libboost-locale1.74.0 libboost-log-dev
#6 4.003   libboost-log1.74-dev libboost-log1.74.0 libboost-math-dev
#6 4.003   libboost-math1.74-dev libboost-math1.74.0 libboost-mpi-dev
#6 4.003   libboost-mpi-python-dev libboost-mpi-python1.74-dev
#6 4.003   libboost-mpi-python1.74.0 libboost-mpi1.74-dev libboost-mpi1.74.0
#6 4.003   libboost-nowide-dev libboost-nowide1.74-dev libboost-nowide1.74.0
#6 4.003   libboost-numpy-dev libboost-numpy1.74-dev libboost-numpy1.74.0
#6 4.003   libboost-program-options-dev libboost-program-options1.74-dev
#6 4.003   libboost-program-options1.74.0 libboost-python-dev libboost-python1.74-dev
#6 4.003   libboost-python1.74.0 libboost-random-dev libboost-random1.74-dev
#6 4.003   libboost-random1.74.0 libboost-regex-dev libboost-regex1.74-dev
#6 4.003   libboost-regex1.74.0 libboost-serialization-dev
#6 4.003   libboost-serialization1.74-dev libboost-serialization1.74.0
#6 4.003   libboost-stacktrace-dev libboost-stacktrace1.74-dev
#6 4.003   libboost-stacktrace1.74.0 libboost-system-dev libboost-system1.74-dev
#6 4.003   libboost-system1.74.0 libboost-test-dev libboost-test1.74-dev
#6 4.003   libboost-test1.74.0 libboost-thread-dev libboost-thread1.74-dev
#6 4.003   libboost-thread1.74.0 libboost-timer-dev libboost-timer1.74-dev
#6 4.003   libboost-timer1.74.0 libboost-tools-dev libboost-type-erasure-dev
#6 4.003   libboost-type-erasure1.74-dev libboost-type-erasure1.74.0 libboost-wave-dev
#6 4.003   libboost-wave1.74-dev libboost-wave1.74.0 libboost1.74-dev
#6 4.003   libboost1.74-tools-dev libbrotli1 libbsd-dev libbsd0 libc-dev-bin
#6 4.003   libc-devtools libc6-dev libcaf-openmpi-3 libcbor0.8 libcc1-0 libcoarrays-dev
#6 4.003   libcoarrays-openmpi-dev libcrypt-dev libctf-nobfd0 libctf0 libcurl3-gnutls
#6 4.003   libcurl4 libdb5.3++ libdb5.3++-dev libdb5.3-dev libdeflate0 libdpkg-perl
#6 4.003   libedit2 liberror-perl libevent-2.1-7 libevent-core-2.1-7
#6 4.003   libevent-extra-2.1-7 libevent-openssl-2.1-7 libevent-pthreads-2.1-7
#6 4.003   libexpat1 libexpat1-dev libfabric1 libfakeroot libfido2-1
#6 4.003   libfile-fcntllock-perl libfontconfig1 libfreetype6 libgcc-11-dev libgd3
#6 4.003   libgdbm-compat4 libgdbm6 libgfortran-11-dev libgfortran5 libglib2.0-0
#6 4.003   libglib2.0-data libgmpxx4ldbl libgomp1 libgssrpc4 libhwasan0 libhwloc-dev
#6 4.003   libhwloc-plugins libhwloc15 libibverbs-dev libibverbs1 libicu-dev libicu70
#6 4.003   libisl23 libitm1 libjbig0 libjpeg-turbo8 libjpeg8 libjs-jquery
#6 4.003   libjs-jquery-ui libjs-sphinxdoc libjs-underscore libkadm5clnt-mit12
#6 4.003   libkadm5srv-mit12 libkdb5-10 libkrb5-dev libksba8 libldap-2.5-0
#6 4.003   libldap-common liblocale-gettext-perl liblsan0 libltdl-dev libltdl7
#6 4.003   libmagic-mgc libmagic1 libmd-dev libmd0 libminiupnpc17 libmpc3 libmpdec3
#6 4.003   libmpfr6 libnatpmp1 libnghttp2-14 libnl-3-200 libnl-3-dev libnl-route-3-200
#6 4.003   libnl-route-3-dev libnorm-dev libnorm1 libnpth0 libnsl-dev libnuma-dev
#6 4.003   libnuma1 libopenmpi-dev libopenmpi3 libpciaccess0 libperl5.34 libpgm-5.3-0
#6 4.003   libpgm-dev libpmix-dev libpmix2 libpng16-16 libprotobuf-lite23 libprotobuf23
#6 4.003   libprotoc23 libpsl5 libpython3-dev libpython3-stdlib libpython3.10
#6 4.003   libpython3.10-dev libpython3.10-minimal libpython3.10-stdlib libqrencode4
#6 4.004   librdmacm1 libreadline8 librtmp1 libsasl2-2 libsasl2-modules
#6 4.004   libsasl2-modules-db libsigsegv2 libsodium23 libsqlite3-0 libssh-4
#6 4.004   libstdc++-11-dev libtiff5 libtirpc-dev libtsan0 libubsan1 libucx0 libwebp7
#6 4.004   libx11-6 libx11-data libxau6 libxcb1 libxdmcp6 libxext6 libxml2 libxml2-dev
#6 4.004   libxmuu1 libxnvctrl0 libxpm4 libzmq5 linux-libc-dev lto-disabled-list m4
#6 4.004   make manpages manpages-dev media-types mpi-default-bin mpi-default-dev ncal
#6 4.004   netbase ocl-icd-libopencl1 openmpi-bin openmpi-common openssh-client openssl
#6 4.004   patch perl perl-modules-5.34 pinentry-curses publicsuffix python3-dev
#6 4.004   python3-distutils python3-lib2to3 python3-minimal python3-pkg-resources
#6 4.004   python3-setuptools python3-wheel python3.10 python3.10-dev
#6 4.004   python3.10-minimal readline-common rpcsvc-proto shared-mime-info ucf xauth
#6 4.004   xdg-user-dirs xz-utils zlib1g-dev
#6 4.005 Suggested packages:
#6 4.005   autoconf-archive gnu-standards autoconf-doc gettext binutils-doc calendar
#6 4.005   whois vacation mailutils bzip2-doc doc-base cpp-doc gcc-11-locales
#6 4.005   dbus-user-session libpam-systemd pinentry-gnome3 tor debian-keyring
#6 4.005   gcc-11-doc gcc-multilib flex bison gdb gcc-doc gfortran-doc gfortran-11-doc
#6 4.005   gettext-base git-daemon-run | git-daemon-sysvinit git-doc git-email git-gui
#6 4.005   gitk gitweb git-cvs git-mediawiki git-svn parcimonie xloadimage scdaemon
#6 4.005   apache2 | lighttpd | httpd krb5-doc libboost-doc graphviz libboost1.74-doc
#6 4.005   gccxml libboost-contract1.74-dev libmpfrc++-dev libntl-dev xsltproc doxygen
#6 4.005   docbook-xml docbook-xsl default-jdk fop glibc-doc db5.3-doc bzr libgd-tools
#6 4.005   gdbm-l10n gmp-doc libgmp10-doc libmpfr-dev krb5-user icu-doc
#6 4.005   libjs-jquery-ui-docs libtool-doc minissdpd natpmpc libnorm-doc openmpi-doc
#6 4.005   pciutils libsasl2-modules-gssapi-mit | libsasl2-modules-gssapi-heimdal
#6 4.005   libsasl2-modules-ldap libsasl2-modules-otp libsasl2-modules-sql libssl-doc
#6 4.005   libstdc++-11-doc gcj-jdk m4-doc make-doc man-browser opencl-icd keychain
#6 4.005   libpam-ssh monkeysphere ssh-askpass ed diffutils-doc perl-doc
#6 4.005   libterm-readline-gnu-perl | libterm-readline-perl-perl
#6 4.005   libtap-harness-archive-perl pinentry-doc protobuf-mode-el python3-doc
#6 4.005   python3-tk python3-venv python-setuptools-doc python3.10-venv python3.10-doc
#6 4.005   binfmt-support readline-doc
#6 4.471 The following NEW packages will be installed:
#6 4.471   autoconf automake autotools-dev binutils binutils-aarch64-linux-gnu
#6 4.471   binutils-common bsdextrautils bsdmainutils build-essential bzip2
#6 4.471   ca-certificates comerr-dev cpp cpp-11 curl dirmngr dpkg-dev fakeroot file
#6 4.471   fontconfig-config fonts-dejavu-core g++ g++-11 gcc gcc-11 gcc-11-base
#6 4.471   gfortran gfortran-11 git git-man gnupg gnupg-l10n gnupg-utils gpg gpg-agent
#6 4.471   gpg-wks-client gpg-wks-server gpgconf gpgsm ibverbs-providers icu-devtools
#6 4.471   javascript-common krb5-multidev less libalgorithm-diff-perl
#6 4.471   libalgorithm-diff-xs-perl libalgorithm-merge-perl libasan6 libassuan0
#6 4.471   libatomic1 libbinutils libboost-all-dev libboost-atomic-dev
#6 4.471   libboost-atomic1.74-dev libboost-atomic1.74.0 libboost-chrono-dev
#6 4.471   libboost-chrono1.74-dev libboost-chrono1.74.0 libboost-container-dev
#6 4.471   libboost-container1.74-dev libboost-container1.74.0 libboost-context-dev
#6 4.471   libboost-context1.74-dev libboost-context1.74.0 libboost-coroutine-dev
#6 4.471   libboost-coroutine1.74-dev libboost-coroutine1.74.0 libboost-date-time-dev
#6 4.471   libboost-date-time1.74-dev libboost-date-time1.74.0 libboost-dev
#6 4.471   libboost-exception-dev libboost-exception1.74-dev libboost-fiber-dev
#6 4.471   libboost-fiber1.74-dev libboost-fiber1.74.0 libboost-filesystem-dev
#6 4.471   libboost-filesystem1.74-dev libboost-filesystem1.74.0 libboost-graph-dev
#6 4.471   libboost-graph-parallel-dev libboost-graph-parallel1.74-dev
#6 4.471   libboost-graph-parallel1.74.0 libboost-graph1.74-dev libboost-graph1.74.0
#6 4.471   libboost-iostreams-dev libboost-iostreams1.74-dev libboost-iostreams1.74.0
#6 4.471   libboost-locale-dev libboost-locale1.74-dev libboost-locale1.74.0
#6 4.471   libboost-log-dev libboost-log1.74-dev libboost-log1.74.0 libboost-math-dev
#6 4.471   libboost-math1.74-dev libboost-math1.74.0 libboost-mpi-dev
#6 4.471   libboost-mpi-python-dev libboost-mpi-python1.74-dev
#6 4.471   libboost-mpi-python1.74.0 libboost-mpi1.74-dev libboost-mpi1.74.0
#6 4.471   libboost-nowide-dev libboost-nowide1.74-dev libboost-nowide1.74.0
#6 4.471   libboost-numpy-dev libboost-numpy1.74-dev libboost-numpy1.74.0
#6 4.471   libboost-program-options-dev libboost-program-options1.74-dev
#6 4.471   libboost-program-options1.74.0 libboost-python-dev libboost-python1.74-dev
#6 4.471   libboost-python1.74.0 libboost-random-dev libboost-random1.74-dev
#6 4.471   libboost-random1.74.0 libboost-regex-dev libboost-regex1.74-dev
#6 4.471   libboost-regex1.74.0 libboost-serialization-dev
#6 4.471   libboost-serialization1.74-dev libboost-serialization1.74.0
#6 4.471   libboost-stacktrace-dev libboost-stacktrace1.74-dev
#6 4.471   libboost-stacktrace1.74.0 libboost-system-dev libboost-system1.74-dev
#6 4.471   libboost-system1.74.0 libboost-test-dev libboost-test1.74-dev
#6 4.471   libboost-test1.74.0 libboost-thread-dev libboost-thread1.74-dev
#6 4.471   libboost-thread1.74.0 libboost-timer-dev libboost-timer1.74-dev
#6 4.471   libboost-timer1.74.0 libboost-tools-dev libboost-type-erasure-dev
#6 4.471   libboost-type-erasure1.74-dev libboost-type-erasure1.74.0 libboost-wave-dev
#6 4.471   libboost-wave1.74-dev libboost-wave1.74.0 libboost1.74-dev
#6 4.471   libboost1.74-tools-dev libbrotli1 libbsd-dev libbsd0 libc-dev-bin
#6 4.471   libc-devtools libc6-dev libcaf-openmpi-3 libcbor0.8 libcc1-0 libcoarrays-dev
#6 4.471   libcoarrays-openmpi-dev libcrypt-dev libctf-nobfd0 libctf0 libcurl3-gnutls
#6 4.471   libcurl4 libdb++-dev libdb-dev libdb5.3++ libdb5.3++-dev libdb5.3-dev
#6 4.471   libdeflate0 libdpkg-perl libedit2 liberror-perl libevent-2.1-7
#6 4.471   libevent-core-2.1-7 libevent-dev libevent-extra-2.1-7 libevent-openssl-2.1-7
#6 4.471   libevent-pthreads-2.1-7 libexpat1 libexpat1-dev libfabric1 libfakeroot
#6 4.471   libfido2-1 libfile-fcntllock-perl libfontconfig1 libfreetype6 libgcc-11-dev
#6 4.471   libgd3 libgdbm-compat4 libgdbm6 libgfortran-11-dev libgfortran5 libglib2.0-0
#6 4.471   libglib2.0-data libgmp-dev libgmpxx4ldbl libgomp1 libgssrpc4 libhwasan0
#6 4.471   libhwloc-dev libhwloc-plugins libhwloc15 libibverbs-dev libibverbs1
#6 4.471   libicu-dev libicu70 libisl23 libitm1 libjbig0 libjpeg-turbo8 libjpeg8
#6 4.471   libjs-jquery libjs-jquery-ui libjs-sphinxdoc libjs-underscore
#6 4.471   libkadm5clnt-mit12 libkadm5srv-mit12 libkdb5-10 libkrb5-dev libksba8
#6 4.471   libldap-2.5-0 libldap-common liblocale-gettext-perl liblsan0 libltdl-dev
#6 4.471   libltdl7 libmagic-mgc libmagic1 libmd-dev libmd0 libminiupnpc-dev
#6 4.471   libminiupnpc17 libmpc3 libmpdec3 libmpfr6 libnatpmp-dev libnatpmp1
#6 4.471   libnghttp2-14 libnl-3-200 libnl-3-dev libnl-route-3-200 libnl-route-3-dev
#6 4.471   libnorm-dev libnorm1 libnpth0 libnsl-dev libnuma-dev libnuma1 libopenmpi-dev
#6 4.471   libopenmpi3 libpciaccess0 libperl5.34 libpgm-5.3-0 libpgm-dev libpmix-dev
#6 4.471   libpmix2 libpng16-16 libprotobuf-dev libprotobuf-lite23 libprotobuf23
#6 4.471   libprotoc23 libpsl5 libpython3-dev libpython3-stdlib libpython3.10
#6 4.471   libpython3.10-dev libpython3.10-minimal libpython3.10-stdlib libqrencode-dev
#6 4.471   libqrencode4 librdmacm1 libreadline8 librtmp1 libsasl2-2 libsasl2-modules
#6 4.471   libsasl2-modules-db libsigsegv2 libsodium-dev libsodium23 libsqlite3-0
#6 4.471   libssh-4 libssl-dev libstdc++-11-dev libtiff5 libtirpc-dev libtool libtsan0
#6 4.471   libubsan1 libucx0 libwebp7 libx11-6 libx11-data libxau6 libxcb1 libxdmcp6
#6 4.471   libxext6 libxml2 libxml2-dev libxmuu1 libxnvctrl0 libxpm4 libzmq3-dev
#6 4.471   libzmq5 linux-libc-dev lto-disabled-list m4 make manpages manpages-dev
#6 4.471   media-types mpi-default-bin mpi-default-dev ncal netbase ocl-icd-libopencl1
#6 4.471   openmpi-bin openmpi-common openssh-client openssl patch perl
#6 4.471   perl-modules-5.34 pinentry-curses pkg-config protobuf-compiler publicsuffix
#6 4.471   python3 python3-dev python3-distutils python3-lib2to3 python3-minimal
#6 4.471   python3-pip python3-pkg-resources python3-setuptools python3-wheel
#6 4.471   python3.10 python3.10-dev python3.10-minimal readline-common rpcsvc-proto
#6 4.471   shared-mime-info ucf wget xauth xdg-user-dirs xz-utils zlib1g-dev
#6 4.477 0 upgraded, 348 newly installed, 0 to remove and 2 not upgraded.
#6 4.477 Need to get 195 MB of archives.
#6 4.477 After this operation, 934 MB of additional disk space will be used.
#6 4.478 E: You don't have enough free space in /var/cache/apt/archives/.
#6 ERROR: process "/bin/sh -c apt-get update && apt-get install -y     build-essential     autoconf     automake     libtool     pkg-config     git     curl     wget     ca-certificates     libssl-dev     libboost-all-dev     libdb-dev     libdb++-dev     libevent-dev     libzmq3-dev     libminiupnpc-dev     libnatpmp-dev     libgmp-dev     libsodium-dev     libqrencode-dev     libprotobuf-dev     protobuf-compiler     python3     python3-pip     bsdmainutils     && rm -rf /var/lib/apt/lists/*" did not complete successfully: exit code: 100
------
 > [ 2/11] RUN apt-get update && apt-get install -y     build-essential     autoconf     automake     libtool     pkg-config     git     curl     wget     ca-certificates     libssl-dev     libboost-all-dev     libdb-dev     libdb++-dev     libevent-dev     libzmq3-dev     libminiupnpc-dev     libnatpmp-dev     libgmp-dev     libsodium-dev     libqrencode-dev     libprotobuf-dev     protobuf-compiler     python3     python3-pip     bsdmainutils     && rm -rf /var/lib/apt/lists/*:
4.471   openmpi-bin openmpi-common openssh-client openssl patch perl
4.471   perl-modules-5.34 pinentry-curses pkg-config protobuf-compiler publicsuffix
4.471   python3 python3-dev python3-distutils python3-lib2to3 python3-minimal
4.471   python3-pip python3-pkg-resources python3-setuptools python3-wheel
4.471   python3.10 python3.10-dev python3.10-minimal readline-common rpcsvc-proto
4.471   shared-mime-info ucf wget xauth xdg-user-dirs xz-utils zlib1g-dev
4.477 0 upgraded, 348 newly installed, 0 to remove and 2 not upgraded.
4.477 Need to get 195 MB of archives.
4.477 After this operation, 934 MB of additional disk space will be used.
4.478 E: You don't have enough free space in /var/cache/apt/archives/.
------
Dockerfile.linux-build:9
--------------------
   8 |     # Install build dependencies
   9 | >>> RUN apt-get update && apt-get install -y \
  10 | >>>     build-essential \
  11 | >>>     autoconf \
  12 | >>>     automake \
  13 | >>>     libtool \
  14 | >>>     pkg-config \
  15 | >>>     git \
  16 | >>>     curl \
  17 | >>>     wget \
  18 | >>>     ca-certificates \
  19 | >>>     libssl-dev \
  20 | >>>     libboost-all-dev \
  21 | >>>     libdb-dev \
  22 | >>>     libdb++-dev \
  23 | >>>     libevent-dev \
  24 | >>>     libzmq3-dev \
  25 | >>>     libminiupnpc-dev \
  26 | >>>     libnatpmp-dev \
  27 | >>>     libgmp-dev \
  28 | >>>     libsodium-dev \
  29 | >>>     libqrencode-dev \
  30 | >>>     libprotobuf-dev \
  31 | >>>     protobuf-compiler \
  32 | >>>     python3 \
  33 | >>>     python3-pip \
  34 | >>>     bsdmainutils \
  35 | >>>     && rm -rf /var/lib/apt/lists/*
  36 |     
--------------------
ERROR: failed to build: failed to solve: process "/bin/sh -c apt-get update && apt-get install -y     build-essential     autoconf     automake     libtool     pkg-config     git     curl     wget     ca-certificates     libssl-dev     libboost-all-dev     libdb-dev     libdb++-dev     libevent-dev     libzmq3-dev     libminiupnpc-dev     libnatpmp-dev     libgmp-dev     libsodium-dev     libqrencode-dev     libprotobuf-dev     protobuf-compiler     python3     python3-pip     bsdmainutils     && rm -rf /var/lib/apt/lists/*" did not complete successfully: exit code: 100
